[0412/171450.474:ERROR:os_crypt_win.cc(93)] Failed to decrypt: Key not valid for use in specified state. (0x8009000B)
[0412/171452.076:ERROR:backend_impl.cc(1041)] Critical error found -8
[0412/171452.076:WARNING:storage_block-inl.h(146)] Failed data load.
[0412/171452.076:ERROR:entry_impl.cc(1075)] No file for c1030512
[0412/171452.076:WARNING:storage_block-inl.h(146)] Failed data load.
[0412/171452.076:WARNING:storage_block-inl.h(146)] Failed data load.
[0412/171452.076:WARNING:storage_block-inl.h(146)] Failed data load.
[0412/171452.076:WARNING:storage_block-inl.h(146)] Failed data load.
[0412/171452.076:ERROR:entry_impl.cc(1075)] No file for c1030506
[0412/171452.076:WARNING:storage_block-inl.h(146)] Failed data load.
[0412/171452.076:WARNING:storage_block-inl.h(146)] Failed data load.
[0412/171452.076:WARNING:storage_block-inl.h(146)] Failed data load.
[0412/171452.076:WARNING:storage_block-inl.h(146)] Failed data load.
[0412/171452.076:ERROR:entry_impl.cc(1075)] No file for c1030508
[0412/171452.077:WARNING:storage_block-inl.h(146)] Failed data load.
[0412/171452.077:WARNING:storage_block-inl.h(146)] Failed data load.
[0412/171455.864:WARNING:value_store_frontend.cc(45)] Reading mhjfbmdgcfjbbpaeojofohoefgiehjai.alarms from  failed: IO error: .../MANIFEST-000001: Unable to create sequential file (ChromeMethodBFE: 7::NewSequentialFile::1)
[0412/171534.430:ERROR:leveldb_factory.cc(91)] Failed to open LevelDB database from D:/Noah/TeamNAG_Backhoe/NAG_Backhoe/Saved/webcache_4430\IndexedDB\https_www.youtube-nocookie.com_0.indexeddb.leveldb,IO error: D:/Noah/TeamNAG_Backhoe/NAG_Backhoe/Saved/webcache_4430\IndexedDB\https_www.youtube-nocookie.com_0.indexeddb.leveldb/MANIFEST-000001: Unable to create sequential file (ChromeMethodBFE: 7::NewSequentialFile::1)
[0412/171534.432:ERROR:leveldb_factory.cc(91)] Failed to open LevelDB database from D:/Noah/TeamNAG_Backhoe/NAG_Backhoe/Saved/webcache_4430\IndexedDB\https_www.youtube-nocookie.com_0.indexeddb.leveldb,IO error: D:/Noah/TeamNAG_Backhoe/NAG_Backhoe/Saved/webcache_4430\IndexedDB\https_www.youtube-nocookie.com_0.indexeddb.leveldb/MANIFEST-000001: Unable to create sequential file (ChromeMethodBFE: 7::NewSequentialFile::1)
[0412/171651.004:ERROR:gpu_init.cc(426)] Passthrough is not supported, GL is disabled
